<?xml version="1.0" encoding="UTF-8"?>
<!-- Generated by org.testng.reporters.JUnitXMLReporter -->
<testsuite ignored="2" hostname="LAPTOP-V6C11AH6" failures="0" tests="2" name="TestNew" time="12.491" errors="0" timestamp="2022-03-30T20:43:48 IST">
  <testcase classname="TestCase.LoginT" name="FailedLogin" time="0.77"/>
  <testcase classname="TestCase.LoginT" name="PassLogin" time="0.535"/>
  <testcase classname="TestCase.BaseClass" name="@AfterTest dataTearDown" time="0.0">
    <ignored/>
  </testcase> <!-- @AfterTest dataTearDown -->
  <testcase classname="TestCase.BaseClass" name="@BeforeTest dataSetup" time="0.0">
    <ignored/>
  </testcase> <!-- @BeforeTest dataSetup -->
</testsuite> <!-- TestNew -->
