<?xml version="1.0" encoding="UTF-8"?>
<testng-results ignored="2" total="4" passed="2" failed="0" skipped="0">
  <reporter-output>
  </reporter-output>
  <suite started-at="2022-03-30T20:43:36 IST" name="Suite" finished-at="2022-03-30T20:43:48 IST" duration-ms="12491">
    <groups>
    </groups>
    <test started-at="2022-03-30T20:43:36 IST" name="TestNew" finished-at="2022-03-30T20:43:48 IST" duration-ms="12491">
      <class name="TestCase.BaseClass">
        <test-method is-config="true" signature="dataSetup()[pri:0, instance:TestCase.BaseClass@58606c91]" started-at="2022-03-30T20:43:36 IST" name="dataSetup" finished-at="2022-03-30T20:43:36 IST" duration-ms="372" status="PASS">
          <reporter-output>
          </reporter-output>
        </test-method> <!-- dataSetup -->
        <test-method is-config="true" signature="dataTearDown()[pri:0, instance:TestCase.BaseClass@58606c91]" started-at="2022-03-30T20:43:47 IST" name="dataTearDown" finished-at="2022-03-30T20:43:48 IST" duration-ms="706" status="PASS">
          <reporter-output>
          </reporter-output>
        </test-method> <!-- dataTearDown -->
      </class> <!-- TestCase.BaseClass -->
      <class name="TestCase.LoginT">
        <test-method is-config="true" signature="Setup()[pri:0, instance:TestCase.LoginT@2ecf5915]" started-at="2022-03-30T20:43:36 IST" name="Setup" finished-at="2022-03-30T20:43:41 IST" duration-ms="5300" status="PASS">
          <reporter-output>
          </reporter-output>
        </test-method> <!-- Setup -->
        <test-method signature="FailedLogin()[pri:0, instance:TestCase.LoginT@2ecf5915]" started-at="2022-03-30T20:43:41 IST" name="FailedLogin" finished-at="2022-03-30T20:43:42 IST" duration-ms="770" status="PASS">
          <reporter-output>
          </reporter-output>
        </test-method> <!-- FailedLogin -->
        <test-method is-config="true" signature="tearDown()[pri:0, instance:TestCase.LoginT@2ecf5915]" started-at="2022-03-30T20:43:42 IST" name="tearDown" finished-at="2022-03-30T20:43:43 IST" duration-ms="401" status="PASS">
          <reporter-output>
          </reporter-output>
        </test-method> <!-- tearDown -->
        <test-method is-config="true" signature="Setup()[pri:0, instance:TestCase.LoginT@2ecf5915]" started-at="2022-03-30T20:43:43 IST" name="Setup" finished-at="2022-03-30T20:43:46 IST" duration-ms="3747" status="PASS">
          <reporter-output>
          </reporter-output>
        </test-method> <!-- Setup -->
        <test-method signature="PassLogin()[pri:0, instance:TestCase.LoginT@2ecf5915]" started-at="2022-03-30T20:43:46 IST" name="PassLogin" finished-at="2022-03-30T20:43:47 IST" duration-ms="535" status="PASS">
          <reporter-output>
          </reporter-output>
        </test-method> <!-- PassLogin -->
        <test-method is-config="true" signature="tearDown()[pri:0, instance:TestCase.LoginT@2ecf5915]" started-at="2022-03-30T20:43:47 IST" name="tearDown" finished-at="2022-03-30T20:43:47 IST" duration-ms="552" status="PASS">
          <reporter-output>
          </reporter-output>
        </test-method> <!-- tearDown -->
      </class> <!-- TestCase.LoginT -->
    </test> <!-- TestNew -->
  </suite> <!-- Suite -->
</testng-results>
